[2025-07-28 17:56:38] Error: Exception: Testing exception handling! in /workspaces/blog/bin/schema_load.php on line 9
[2025-07-28 18:09:35] Error: Exception: This has happened on the web! in /workspaces/blog/app/Controller/HomeController.php on line 10
[2025-07-28 18:11:41] Error: Exception: This has happened on the web! in /workspaces/blog/app/Controller/HomeController.php on line 10
[2025-07-28 18:11:57] Error: Exception: This has happened on the web! in /workspaces/blog/app/Controller/HomeController.php on line 10
[2025-07-28 18:11:59] Error: Exception: This has happened on the web! in /workspaces/blog/app/Controller/HomeController.php on line 10
[2025-08-01 16:13:34] Error: PDOException: SQLSTATE[HY000]: General error: 1 near "-": syntax error in /workspaces/blog/core/Database.php on line 38
[2025-08-01 16:18:30] Error: PDOException: SQLSTATE[HY000]: General error: 1 near "-": syntax error in /workspaces/blog/core/Database.php on line 38
[2025-08-01 16:19:30] Error: Error: Class "App\Models\Comment" not found in /workspaces/blog/bin/schema_fixtures.php on line 50
[2025-08-01 16:21:38] Error: Error: Class "App\Models\Comment" not found in /workspaces/blog/bin/schema_fixtures.php on line 50
[2025-08-01 16:26:22] Error: Error: Class "App\Models\Comment" not found in /workspaces/blog/bin/schema_fixtures.php on line 50
[2025-08-01 16:33:58] Error: PDOException: SQLSTATE[23000]: Integrity constraint violation: 19 UNIQUE constraint failed: users.email in /workspaces/blog/core/Database.php on line 39
[2025-08-01 18:46:57] Error: TypeError: PDOStatement::fetch(): Argument #2 ($cursorOrientation) must be of type int, string given in /workspaces/blog/core/Database.php on line 53
[2025-08-01 18:48:33] Error: TypeError: PDOStatement::fetch(): Argument #2 ($cursorOrientation) must be of type int, string given in /workspaces/blog/core/Database.php on line 53
[2025-08-01 18:55:12] Error: ErrorException: Creation of dynamic property App\Models\Comment::$id is deprecated in /workspaces/blog/core/Database.php on line 46
[2025-08-01 18:57:20] Error: RuntimeException: Error: Template file not found: /workspaces/blog/app/Views/post/show.php in /workspaces/blog/core/View.php on line 25
[2025-08-03 17:45:58] Error: RuntimeException: Error: Template file not found: /workspaces/blog/app/Views//patials/_posts.php in /workspaces/blog/core/View.php on line 29
[2025-08-03 17:46:41] Error: RuntimeException: Error: Template file not found: /workspaces/blog/app/Views/patials/_posts.php in /workspaces/blog/core/View.php on line 29
[2025-08-04 18:33:40] Error: ErrorException: Undefined variable $totalPages in /workspaces/blog/app/Views/post/index.php on line 10
[2025-08-09 21:24:30] Error: TypeError: Core\Router::callAction(): Return value must be of type string, null returned in /workspaces/blog/core/Router.php on line 70
[2025-08-09 21:27:17] Error: ErrorException: Creation of dynamic property App\Models\User::$role is deprecated in /workspaces/blog/core/Database.php on line 53
[2025-08-09 22:22:41] Error: ErrorException: session_regenerate_id(): Session ID cannot be regenerated when there is no active session in /workspaces/blog/app/Services/Auth.php on line 12
[2025-08-09 23:22:11] Error: TypeError: Core\Model::find(): Return value must be of type ?App\Models\Post, false returned in /workspaces/blog/core/Model.php on line 17
[2025-08-15 20:41:38] Error: TypeError: hash_equals(): Argument #2 ($user_string) must be of type string, array given in /workspaces/blog/app/Services/CSRF.php on line 27
[2025-08-25 19:20:59] Error: Error: Call to undefined method App\Services\Auth::handle() in /workspaces/blog/core/Router.php on line 76
[2025-08-25 19:25:18] Error: Error: Call to undefined method App\Services\Auth::handle() in /workspaces/blog/core/Router.php on line 76
[2025-08-25 19:27:59] Error: Error: Call to undefined method App\Services\Auth::handle() in /workspaces/blog/core/Router.php on line 76
[2025-08-25 19:28:31] Error: Error: Call to undefined method App\Services\Auth::handle() in /workspaces/blog/core/Router.php on line 76
[2025-08-25 19:29:43] Error: Error: Call to undefined method App\Services\Auth::handle() in /workspaces/blog/core/Router.php on line 76
[2025-08-27 17:08:58] Error: RuntimeException: Error: Template file not found: /workspaces/blog/app/Views/admin/dashboard/index.php in /workspaces/blog/core/View.php on line 36
[2025-08-27 21:39:35] Error: ErrorException: Undefined array key "incInt" in /workspaces/blog/app/Services/Auth.php on line 49
[2025-08-27 22:12:20] Error: ErrorException: Undefined array key "incInt" in /workspaces/blog/app/Services/Auth.php on line 49
[2025-08-27 22:13:11] Error: ErrorException: Undefined array key "incInt" in /workspaces/blog/app/Services/Auth.php on line 49
[2025-08-27 22:13:57] Error: ErrorException: Undefined array key "incInt" in /workspaces/blog/app/Services/Auth.php on line 49
[2025-08-27 22:14:44] Error: ErrorException: Undefined array key "incInt" in /workspaces/blog/app/Services/Auth.php on line 49
[2025-08-27 22:19:42] Error: ErrorException: Undefined array key "incInt" in /workspaces/blog/app/Services/Auth.php on line 49
[2025-08-27 22:20:05] Error: ErrorException: Undefined array key "incInt" in /workspaces/blog/app/Services/Auth.php on line 49
[2025-08-29 20:09:26] Error: RuntimeException: Error: Template file not found: /workspaces/blog/app/Views/admin/post/edit.php in /workspaces/blog/core/View.php on line 36
[2025-08-29 20:18:46] Error: RuntimeException: Error: Template file not found: /workspaces/blog/app/Views/admin/post/edit.php in /workspaces/blog/core/View.php on line 36
[2025-08-29 20:22:23] Error: RuntimeException: Error: Template file not found: /workspaces/blog/app/Views/admin/post/edit.php in /workspaces/blog/core/View.php on line 36
